app/build/intermediates/manifest_merge_blame_file/debug/processDebugMainManifest/manifest-merger-blame-debug-report.txt
1<?xml version="1.0" encoding="utf-8"?>
2<manifest xmlns:android="http://schemas.android.com/apk/res/android"
3    package="com.smartattendance.app"
4    android:versionCode="1"
5    android:versionName="1.0.0" >
6
7    <uses-sdk
8        android:minSdkVersion="24"
9        android:targetSdkVersion="34" />
10
11    <!-- ─── Permissions ─────────────────────────────────────────────────── -->
12
13
14    <!-- Internet -->
15    <uses-permission android:name="android.permission.INTERNET" />
15-->src/main/AndroidManifest.xml:8:5-67
15-->src/main/AndroidManifest.xml:8:22-64
16    <uses-permission android:name="android.permission.ACCESS_NETWORK_STATE" />
16-->src/main/AndroidManifest.xml:9:5-79
16-->src/main/AndroidManifest.xml:9:22-76
17
18    <!-- GPS / Location -->
19    <uses-permission android:name="android.permission.ACCESS_FINE_LOCATION" />
19-->src/main/AndroidManifest.xml:12:5-79
19-->src/main/AndroidManifest.xml:12:22-76
20    <uses-permission android:name="android.permission.ACCESS_COARSE_LOCATION" />
20-->src/main/AndroidManifest.xml:13:5-81
20-->src/main/AndroidManifest.xml:13:22-78
21
22    <!-- Camera (QR scan) -->
23    <uses-permission android:name="android.permission.CAMERA" />
23-->src/main/AndroidManifest.xml:16:5-65
23-->src/main/AndroidManifest.xml:16:22-62
24
25    <uses-feature
25-->src/main/AndroidManifest.xml:17:5-84
26        android:name="android.hardware.camera"
26-->src/main/AndroidManifest.xml:17:19-57
27        android:required="true" />
27-->src/main/AndroidManifest.xml:17:58-81
28    <uses-feature android:name="android.hardware.camera.autofocus" />
28-->src/main/AndroidManifest.xml:18:5-70
28-->src/main/AndroidManifest.xml:18:19-67
29
30    <!-- Vibration feedback on scan -->
31    <uses-permission android:name="android.permission.VIBRATE" />
31-->src/main/AndroidManifest.xml:21:5-66
31-->src/main/AndroidManifest.xml:21:22-63
32
33    <!-- Read device ID -->
34    <uses-permission android:name="android.permission.READ_PHONE_STATE" />
34-->src/main/AndroidManifest.xml:24:5-75
34-->src/main/AndroidManifest.xml:24:22-72
35
36    <uses-feature
36-->[com.google.android.gms:play-services-maps:18.2.0] AndroidManifest.xml:26:5-28:35
37        android:glEsVersion="0x00020000"
37-->[com.google.android.gms:play-services-maps:18.2.0] AndroidManifest.xml:27:9-41
38        android:required="true" />
38-->[com.google.android.gms:play-services-maps:18.2.0] AndroidManifest.xml:28:9-32
39
40    <queries>
40-->[com.google.android.gms:play-services-maps:18.2.0] AndroidManifest.xml:30:5-34:15
41
42        <!-- Needs to be explicitly declared on Android R+ -->
43        <package android:name="com.google.android.apps.maps" />
43-->[com.google.android.gms:play-services-maps:18.2.0] AndroidManifest.xml:33:9-64
43-->[com.google.android.gms:play-services-maps:18.2.0] AndroidManifest.xml:33:18-61
44    </queries>
45
46    <uses-permission android:name="android.permission.WAKE_LOCK" /> <!-- Required by older versions of Google Play services to create IID tokens -->
46-->[com.google.firebase:firebase-iid:21.1.0] AndroidManifest.xml:24:5-68
46-->[com.google.firebase:firebase-iid:21.1.0] AndroidManifest.xml:24:22-65
47    <uses-permission android:name="com.google.android.c2dm.permission.RECEIVE" />
47-->[com.google.firebase:firebase-iid:21.1.0] AndroidManifest.xml:26:5-82
47-->[com.google.firebase:firebase-iid:21.1.0] AndroidManifest.xml:26:22-79
48    <uses-permission android:name="com.google.android.finsky.permission.BIND_GET_INSTALL_REFERRER_SERVICE" />
48-->[com.google.android.gms:play-services-measurement:21.5.1] AndroidManifest.xml:26:5-110
48-->[com.google.android.gms:play-services-measurement:21.5.1] AndroidManifest.xml:26:22-107
49    <uses-permission android:name="com.google.android.gms.permission.AD_ID" />
49-->[com.google.android.gms:play-services-measurement-impl:21.5.1] AndroidManifest.xml:27:5-79
49-->[com.google.android.gms:play-services-measurement-impl:21.5.1] AndroidManifest.xml:27:22-76
50
51    <permission
51-->[androidx.core:core:1.12.0] AndroidManifest.xml:22:5-24:47
52        android:name="com.smartattendance.app.DYNAMIC_RECEIVER_NOT_EXPORTED_PERMISSION"
52-->[androidx.core:core:1.12.0] AndroidManifest.xml:23:9-81
53        android:protectionLevel="signature" />
53-->[androidx.core:core:1.12.0] AndroidManifest.xml:24:9-44
54
55    <uses-permission android:name="com.smartattendance.app.DYNAMIC_RECEIVER_NOT_EXPORTED_PERMISSION" />
55-->[androidx.core:core:1.12.0] AndroidManifest.xml:26:5-97
55-->[androidx.core:core:1.12.0] AndroidManifest.xml:26:22-94
56    <uses-permission android:name="com.google.android.providers.gsf.permission.READ_GSERVICES" />
56-->[com.google.android.recaptcha:recaptcha:18.4.0] AndroidManifest.xml:9:5-98
56-->[com.google.android.recaptcha:recaptcha:18.4.0] AndroidManifest.xml:9:22-95
57    <uses-permission android:name="android.permission.ACCESS_ADSERVICES_ATTRIBUTION" />
57-->[com.google.android.gms:play-services-measurement-api:21.5.1] AndroidManifest.xml:26:5-88
57-->[com.google.android.gms:play-services-measurement-api:21.5.1] AndroidManifest.xml:26:22-85
58    <uses-permission android:name="android.permission.ACCESS_ADSERVICES_AD_ID" />
58-->[com.google.android.gms:play-services-measurement-api:21.5.1] AndroidManifest.xml:27:5-82
58-->[com.google.android.gms:play-services-measurement-api:21.5.1] AndroidManifest.xml:27:22-79
59
60    <uses-feature
60-->[com.journeyapps:zxing-android-embedded:4.3.0] AndroidManifest.xml:28:5-30:36
61        android:name="android.hardware.camera.front"
61-->[com.journeyapps:zxing-android-embedded:4.3.0] AndroidManifest.xml:29:9-53
62        android:required="false" />
62-->[com.journeyapps:zxing-android-embedded:4.3.0] AndroidManifest.xml:30:9-33
63    <uses-feature
63-->[com.journeyapps:zxing-android-embedded:4.3.0] AndroidManifest.xml:36:5-38:36
64        android:name="android.hardware.camera.flash"
64-->[com.journeyapps:zxing-android-embedded:4.3.0] AndroidManifest.xml:37:9-53
65        android:required="false" />
65-->[com.journeyapps:zxing-android-embedded:4.3.0] AndroidManifest.xml:38:9-33
66    <uses-feature
66-->[com.journeyapps:zxing-android-embedded:4.3.0] AndroidManifest.xml:39:5-41:36
67        android:name="android.hardware.screen.landscape"
67-->[com.journeyapps:zxing-android-embedded:4.3.0] AndroidManifest.xml:40:9-57
68        android:required="false" />
68-->[com.journeyapps:zxing-android-embedded:4.3.0] AndroidManifest.xml:41:9-33
69    <uses-feature
69-->[com.journeyapps:zxing-android-embedded:4.3.0] AndroidManifest.xml:42:5-44:36
70        android:name="android.hardware.wifi"
70-->[com.journeyapps:zxing-android-embedded:4.3.0] AndroidManifest.xml:43:9-45
71        android:required="false" />
71-->[com.journeyapps:zxing-android-embedded:4.3.0] AndroidManifest.xml:44:9-33
72
73    <application
73-->src/main/AndroidManifest.xml:26:5-63:19
74        android:name="com.smartattendance.app.SmartAttendanceApp"
74-->src/main/AndroidManifest.xml:27:9-43
75        android:allowBackup="true"
75-->src/main/AndroidManifest.xml:28:9-35
76        android:appComponentFactory="androidx.core.app.CoreComponentFactory"
76-->[androidx.core:core:1.12.0] AndroidManifest.xml:28:18-86
77        android:debuggable="true"
78        android:extractNativeLibs="false"
79        android:icon="@mipmap/ic_launcher"
79-->src/main/AndroidManifest.xml:29:9-43
80        android:label="@string/app_name"
80-->src/main/AndroidManifest.xml:30:9-41
81        android:roundIcon="@mipmap/ic_launcher_round"
81-->src/main/AndroidManifest.xml:31:9-54
82        android:supportsRtl="true"
82-->src/main/AndroidManifest.xml:32:9-35
83        android:theme="@style/Theme.SmartAttendance"
83-->src/main/AndroidManifest.xml:33:9-53
84        android:usesCleartextTraffic="true" >
84-->src/main/AndroidManifest.xml:34:9-44
85
86        <!-- Splash / Entry -->
87        <activity
87-->src/main/AndroidManifest.xml:38:9-46:20
88            android:name="com.smartattendance.app.activities.SplashActivity"
88-->src/main/AndroidManifest.xml:39:13-54
89            android:exported="true"
89-->src/main/AndroidManifest.xml:40:13-36
90            android:theme="@style/Theme.SmartAttendance.Splash" >
90-->src/main/AndroidManifest.xml:41:13-64
91            <intent-filter>
91-->src/main/AndroidManifest.xml:42:13-45:29
92                <action android:name="android.intent.action.MAIN" />
92-->src/main/AndroidManifest.xml:43:17-69
92-->src/main/AndroidManifest.xml:43:25-66
93
94                <category android:name="android.intent.category.LAUNCHER" />
94-->src/main/AndroidManifest.xml:44:17-77
94-->src/main/AndroidManifest.xml:44:27-74
95            </intent-filter>
96        </activity>
97
98        <!-- Auth -->
99        <activity
99-->src/main/AndroidManifest.xml:49:9-92
100            android:name="com.smartattendance.app.activities.LoginActivity"
100-->src/main/AndroidManifest.xml:49:19-59
101            android:exported="false" />
101-->src/main/AndroidManifest.xml:49:65-89
102        <activity
102-->src/main/AndroidManifest.xml:50:9-92
103            android:name="com.smartattendance.app.activities.RegisterActivity"
103-->src/main/AndroidManifest.xml:50:19-62
104            android:exported="false" />
104-->src/main/AndroidManifest.xml:50:65-89
105
106        <!-- Teacher -->
107        <activity
107-->src/main/AndroidManifest.xml:53:9-96
108            android:name="com.smartattendance.app.teacher.TeacherDashboardActivity"
108-->src/main/AndroidManifest.xml:53:19-67
109            android:exported="false" />
109-->src/main/AndroidManifest.xml:53:69-93
110        <activity
110-->src/main/AndroidManifest.xml:54:9-97
111            android:name="com.smartattendance.app.teacher.GenerateQRActivity"
111-->src/main/AndroidManifest.xml:54:19-61
112            android:exported="false" />
112-->src/main/AndroidManifest.xml:54:70-94
113        <activity
113-->src/main/AndroidManifest.xml:55:9-97
114            android:name="com.smartattendance.app.teacher.SessionManagerActivity"
114-->src/main/AndroidManifest.xml:55:19-65
115            android:exported="false" />
115-->src/main/AndroidManifest.xml:55:70-94
116        <activity
116-->src/main/AndroidManifest.xml:56:9-97
117            android:name="com.smartattendance.app.teacher.AttendanceListActivity"
117-->src/main/AndroidManifest.xml:56:19-65
118            android:exported="false" />
118-->src/main/AndroidManifest.xml:56:70-94
119
120        <!-- Student -->
121        <activity
121-->src/main/AndroidManifest.xml:59:9-100
122            android:name="com.smartattendance.app.student.StudentDashboardActivity"
122-->src/main/AndroidManifest.xml:59:19-67
123            android:exported="false" />
123-->src/main/AndroidManifest.xml:59:73-97
124        <activity
124-->src/main/AndroidManifest.xml:60:9-100
125            android:name="com.smartattendance.app.student.ScanQRActivity"
125-->src/main/AndroidManifest.xml:60:19-57
126            android:exported="false" />
126-->src/main/AndroidManifest.xml:60:73-97
127        <activity
127-->src/main/AndroidManifest.xml:61:9-100
128            android:name="com.smartattendance.app.student.AttendanceHistoryActivity"
128-->src/main/AndroidManifest.xml:61:19-68
129            android:exported="false" />
129-->src/main/AndroidManifest.xml:61:73-97
130
131        <!-- Needs to be explicitly declared on P+ -->
132        <uses-library
132-->[com.google.android.gms:play-services-maps:18.2.0] AndroidManifest.xml:39:9-41:40
133            android:name="org.apache.http.legacy"
133-->[com.google.android.gms:play-services-maps:18.2.0] AndroidManifest.xml:40:13-50
134            android:required="false" />
134-->[com.google.android.gms:play-services-maps:18.2.0] AndroidManifest.xml:41:13-37
135
136        <service
136-->[com.google.firebase:firebase-functions-ktx:20.4.0] AndroidManifest.xml:9:9-15:19
137            android:name="com.google.firebase.components.ComponentDiscoveryService"
137-->[com.google.firebase:firebase-functions-ktx:20.4.0] AndroidManifest.xml:10:13-84
138            android:directBootAware="true"
138-->[com.google.firebase:firebase-common:20.4.2] AndroidManifest.xml:32:13-43
139            android:exported="false" >
139-->[com.google.firebase:firebase-functions-ktx:20.4.0] AndroidManifest.xml:11:13-37
140            <meta-data
140-->[com.google.firebase:firebase-functions-ktx:20.4.0] AndroidManifest.xml:12:13-14:85
141                android:name="com.google.firebase.components:com.google.firebase.functions.ktx.FirebaseFunctionsLegacyRegistrar"
141-->[com.google.firebase:firebase-functions-ktx:20.4.0] AndroidManifest.xml:13:17-129
142                android:value="com.google.firebase.components.ComponentRegistrar" />
142-->[com.google.firebase:firebase-functions-ktx:20.4.0] AndroidManifest.xml:14:17-82
143            <meta-data
143-->[com.google.firebase:firebase-functions:20.4.0] AndroidManifest.xml:15:13-17:85
144                android:name="com.google.firebase.components:com.google.firebase.functions.FirebaseFunctionsKtxRegistrar"
144-->[com.google.firebase:firebase-functions:20.4.0] AndroidManifest.xml:16:17-122
145                android:value="com.google.firebase.components.ComponentRegistrar" />
145-->[com.google.firebase:firebase-functions:20.4.0] AndroidManifest.xml:17:17-82
146            <meta-data
146-->[com.google.firebase:firebase-functions:20.4.0] AndroidManifest.xml:18:13-20:85
147                android:name="com.google.firebase.components:com.google.firebase.functions.FunctionsRegistrar"
147-->[com.google.firebase:firebase-functions:20.4.0] AndroidManifest.xml:19:17-111
148                android:value="com.google.firebase.components.ComponentRegistrar" />
148-->[com.google.firebase:firebase-functions:20.4.0] AndroidManifest.xml:20:17-82
149            <meta-data
149-->[com.google.firebase:firebase-firestore-ktx:24.10.2] AndroidManifest.xml:12:13-14:85
150                android:name="com.google.firebase.components:com.google.firebase.firestore.ktx.FirebaseFirestoreLegacyRegistrar"
150-->[com.google.firebase:firebase-firestore-ktx:24.10.2] AndroidManifest.xml:13:17-129
151                android:value="com.google.firebase.components.ComponentRegistrar" />
151-->[com.google.firebase:firebase-firestore-ktx:24.10.2] AndroidManifest.xml:14:17-82
152            <meta-data
152-->[com.google.firebase:firebase-firestore:24.10.2] AndroidManifest.xml:17:13-19:85
153                android:name="com.google.firebase.components:com.google.firebase.firestore.FirebaseFirestoreKtxRegistrar"
153-->[com.google.firebase:firebase-firestore:24.10.2] AndroidManifest.xml:18:17-122
154                android:value="com.google.firebase.components.ComponentRegistrar" />
154-->[com.google.firebase:firebase-firestore:24.10.2] AndroidManifest.xml:19:17-82
155            <meta-data
155-->[com.google.firebase:firebase-firestore:24.10.2] AndroidManifest.xml:20:13-22:85
156                android:name="com.google.firebase.components:com.google.firebase.firestore.FirestoreRegistrar"
156-->[com.google.firebase:firebase-firestore:24.10.2] AndroidManifest.xml:21:17-111
157                android:value="com.google.firebase.components.ComponentRegistrar" />
157-->[com.google.firebase:firebase-firestore:24.10.2] AndroidManifest.xml:22:17-82
158            <meta-data
158-->[com.google.firebase:firebase-auth-ktx:22.3.1] AndroidManifest.xml:11:13-13:85
159                android:name="com.google.firebase.components:com.google.firebase.auth.ktx.FirebaseAuthLegacyRegistrar"
159-->[com.google.firebase:firebase-auth-ktx:22.3.1] AndroidManifest.xml:12:17-119
160                android:value="com.google.firebase.components.ComponentRegistrar" />
160-->[com.google.firebase:firebase-auth-ktx:22.3.1] AndroidManifest.xml:13:17-82
161            <meta-data
161-->[com.google.firebase:firebase-auth:22.3.1] AndroidManifest.xml:69:13-71:85
162                android:name="com.google.firebase.components:com.google.firebase.auth.FirebaseAuthRegistrar"
162-->[com.google.firebase:firebase-auth:22.3.1] AndroidManifest.xml:70:17-109
163                android:value="com.google.firebase.components.ComponentRegistrar" />
163-->[com.google.firebase:firebase-auth:22.3.1] AndroidManifest.xml:71:17-82
164            <meta-data
164-->[com.google.firebase:firebase-iid:21.1.0] AndroidManifest.xml:32:13-34:85
165                android:name="com.google.firebase.components:com.google.firebase.iid.Registrar"
165-->[com.google.firebase:firebase-iid:21.1.0] AndroidManifest.xml:33:17-96
166                android:value="com.google.firebase.components.ComponentRegistrar" />
166-->[com.google.firebase:firebase-iid:21.1.0] AndroidManifest.xml:34:17-82
167            <meta-data
167-->[com.google.firebase:firebase-analytics-ktx:21.5.1] AndroidManifest.xml:11:13-13:85
168                android:name="com.google.firebase.components:com.google.firebase.analytics.ktx.FirebaseAnalyticsLegacyRegistrar"
168-->[com.google.firebase:firebase-analytics-ktx:21.5.1] AndroidManifest.xml:12:17-129
169                android:value="com.google.firebase.components.ComponentRegistrar" />
169-->[com.google.firebase:firebase-analytics-ktx:21.5.1] AndroidManifest.xml:13:17-82
170            <meta-data
170-->[com.google.android.gms:play-services-measurement-api:21.5.1] AndroidManifest.xml:37:13-39:85
171                android:name="com.google.firebase.components:com.google.firebase.analytics.connector.internal.AnalyticsConnectorRegistrar"
171-->[com.google.android.gms:play-services-measurement-api:21.5.1] AndroidManifest.xml:38:17-139
172                android:value="com.google.firebase.components.ComponentRegistrar" />
172-->[com.google.android.gms:play-services-measurement-api:21.5.1] AndroidManifest.xml:39:17-82
173            <meta-data
173-->[com.google.firebase:firebase-installations:17.2.0] AndroidManifest.xml:15:13-17:85
174                android:name="com.google.firebase.components:com.google.firebase.installations.FirebaseInstallationsKtxRegistrar"
174-->[com.google.firebase:firebase-installations:17.2.0] AndroidManifest.xml:16:17-130
175                android:value="com.google.firebase.components.ComponentRegistrar" />
175-->[com.google.firebase:firebase-installations:17.2.0] AndroidManifest.xml:17:17-82
176            <meta-data
176-->[com.google.firebase:firebase-installations:17.2.0] AndroidManifest.xml:18:13-20:85
177                android:name="com.google.firebase.components:com.google.firebase.installations.FirebaseInstallationsRegistrar"
177-->[com.google.firebase:firebase-installations:17.2.0] AndroidManifest.xml:19:17-127
178                android:value="com.google.firebase.components.ComponentRegistrar" />
178-->[com.google.firebase:firebase-installations:17.2.0] AndroidManifest.xml:20:17-82
179            <meta-data
179-->[com.google.firebase:firebase-common-ktx:20.4.2] AndroidManifest.xml:12:13-14:85
180                android:name="com.google.firebase.components:com.google.firebase.ktx.FirebaseCommonLegacyRegistrar"
180-->[com.google.firebase:firebase-common-ktx:20.4.2] AndroidManifest.xml:13:17-116
181                android:value="com.google.firebase.components.ComponentRegistrar" />
181-->[com.google.firebase:firebase-common-ktx:20.4.2] AndroidManifest.xml:14:17-82
182            <meta-data
182-->[com.google.firebase:firebase-common:20.4.2] AndroidManifest.xml:35:13-37:85
183                android:name="com.google.firebase.components:com.google.firebase.FirebaseCommonKtxRegistrar"
183-->[com.google.firebase:firebase-common:20.4.2] AndroidManifest.xml:36:17-109
184                android:value="com.google.firebase.components.ComponentRegistrar" />
184-->[com.google.firebase:firebase-common:20.4.2] AndroidManifest.xml:37:17-82
185        </service>
186
187        <activity
187-->[com.google.firebase:firebase-auth:22.3.1] AndroidManifest.xml:29:9-46:20
188            android:name="com.google.firebase.auth.internal.GenericIdpActivity"
188-->[com.google.firebase:firebase-auth:22.3.1] AndroidManifest.xml:30:13-80
189            android:excludeFromRecents="true"
189-->[com.google.firebase:firebase-auth:22.3.1] AndroidManifest.xml:31:13-46
190            android:exported="true"
190-->[com.google.firebase:firebase-auth:22.3.1] AndroidManifest.xml:32:13-36
191            android:launchMode="singleTask"
191-->[com.google.firebase:firebase-auth:22.3.1] AndroidManifest.xml:33:13-44
192            android:theme="@android:style/Theme.Translucent.NoTitleBar" >
192-->[com.google.firebase:firebase-auth:22.3.1] AndroidManifest.xml:34:13-72
193            <intent-filter>
193-->[com.google.firebase:firebase-auth:22.3.1] AndroidManifest.xml:35:13-45:29
194                <action android:name="android.intent.action.VIEW" />
194-->[com.google.firebase:firebase-auth:22.3.1] AndroidManifest.xml:36:17-69
194-->[com.google.firebase:firebase-auth:22.3.1] AndroidManifest.xml:36:25-66
195
196                <category android:name="android.intent.category.DEFAULT" />
196-->[com.google.firebase:firebase-auth:22.3.1] AndroidManifest.xml:38:17-76
196-->[com.google.firebase:firebase-auth:22.3.1] AndroidManifest.xml:38:27-73
197                <category android:name="android.intent.category.BROWSABLE" />
197-->[com.google.firebase:firebase-auth:22.3.1] AndroidManifest.xml:39:17-78
197-->[com.google.firebase:firebase-auth:22.3.1] AndroidManifest.xml:39:27-75
198
199                <data
199-->[com.google.firebase:firebase-auth:22.3.1] AndroidManifest.xml:41:17-44:51
200                    android:host="firebase.auth"
200-->[com.google.firebase:firebase-auth:22.3.1] AndroidManifest.xml:42:21-49
201                    android:path="/"
201-->[com.google.firebase:firebase-auth:22.3.1] AndroidManifest.xml:43:21-37
202                    android:scheme="genericidp" />
202-->[com.google.firebase:firebase-auth:22.3.1] AndroidManifest.xml:44:21-48
203            </intent-filter>
204        </activity>
205        <activity
205-->[com.google.firebase:firebase-auth:22.3.1] AndroidManifest.xml:47:9-64:20
206            android:name="com.google.firebase.auth.internal.RecaptchaActivity"
206-->[com.google.firebase:firebase-auth:22.3.1] AndroidManifest.xml:48:13-79
207            android:excludeFromRecents="true"
207-->[com.google.firebase:firebase-auth:22.3.1] AndroidManifest.xml:49:13-46
208            android:exported="true"
208-->[com.google.firebase:firebase-auth:22.3.1] AndroidManifest.xml:50:13-36
209            android:launchMode="singleTask"
209-->[com.google.firebase:firebase-auth:22.3.1] AndroidManifest.xml:51:13-44
210            android:theme="@android:style/Theme.Translucent.NoTitleBar" >
210-->[com.google.firebase:firebase-auth:22.3.1] AndroidManifest.xml:52:13-72
211            <intent-filter>
211-->[com.google.firebase:firebase-auth:22.3.1] AndroidManifest.xml:53:13-63:29
212                <action android:name="android.intent.action.VIEW" />
212-->[com.google.firebase:firebase-auth:22.3.1] AndroidManifest.xml:36:17-69
212-->[com.google.firebase:firebase-auth:22.3.1] AndroidManifest.xml:36:25-66
213
214                <category android:name="android.intent.category.DEFAULT" />
214-->[com.google.firebase:firebase-auth:22.3.1] AndroidManifest.xml:38:17-76
214-->[com.google.firebase:firebase-auth:22.3.1] AndroidManifest.xml:38:27-73
215                <category android:name="android.intent.category.BROWSABLE" />
215-->[com.google.firebase:firebase-auth:22.3.1] AndroidManifest.xml:39:17-78
215-->[com.google.firebase:firebase-auth:22.3.1] AndroidManifest.xml:39:27-75
216
217                <data
217-->[com.google.firebase:firebase-auth:22.3.1] AndroidManifest.xml:41:17-44:51
218                    android:host="firebase.auth"
218-->[com.google.firebase:firebase-auth:22.3.1] AndroidManifest.xml:42:21-49
219                    android:path="/"
219-->[com.google.firebase:firebase-auth:22.3.1] AndroidManifest.xml:43:21-37
220                    android:scheme="recaptcha" />
220-->[com.google.firebase:firebase-auth:22.3.1] AndroidManifest.xml:44:21-48
221            </intent-filter>
222        </activity>
223        <activity
223-->[com.google.android.gms:play-services-base:18.1.0] AndroidManifest.xml:20:9-22:45
224            android:name="com.google.android.gms.common.api.GoogleApiActivity"
224-->[com.google.android.gms:play-services-base:18.1.0] AndroidManifest.xml:20:19-85
225            android:exported="false"
225-->[com.google.android.gms:play-services-base:18.1.0] AndroidManifest.xml:22:19-43
226            android:theme="@android:style/Theme.Translucent.NoTitleBar" />
226-->[com.google.android.gms:play-services-base:18.1.0] AndroidManifest.xml:21:19-78
227
228        <provider
228-->[androidx.emoji2:emoji2:1.2.0] AndroidManifest.xml:24:9-32:20
229            android:name="androidx.startup.InitializationProvider"
229-->[androidx.emoji2:emoji2:1.2.0] AndroidManifest.xml:25:13-67
230            android:authorities="com.smartattendance.app.androidx-startup"
230-->[androidx.emoji2:emoji2:1.2.0] AndroidManifest.xml:26:13-68
231            android:exported="false" >
231-->[androidx.emoji2:emoji2:1.2.0] AndroidManifest.xml:27:13-37
232            <meta-data
232-->[androidx.emoji2:emoji2:1.2.0] AndroidManifest.xml:29:13-31:52
233                android:name="androidx.emoji2.text.EmojiCompatInitializer"
233-->[androidx.emoji2:emoji2:1.2.0] AndroidManifest.xml:30:17-75
234                android:value="androidx.startup" />
234-->[androidx.emoji2:emoji2:1.2.0] AndroidManifest.xml:31:17-49
235            <meta-data
235-->[androidx.lifecycle:lifecycle-process:2.7.0] AndroidManifest.xml:29:13-31:52
236                android:name="androidx.lifecycle.ProcessLifecycleInitializer"
236-->[androidx.lifecycle:lifecycle-process:2.7.0] AndroidManifest.xml:30:17-78
237                android:value="androidx.startup" />
237-->[androidx.lifecycle:lifecycle-process:2.7.0] AndroidManifest.xml:31:17-49
238            <meta-data
238-->[androidx.profileinstaller:profileinstaller:1.3.0] AndroidManifest.xml:29:13-31:52
239                android:name="androidx.profileinstaller.ProfileInstallerInitializer"
239-->[androidx.profileinstaller:profileinstaller:1.3.0] AndroidManifest.xml:30:17-85
240                android:value="androidx.startup" />
240-->[androidx.profileinstaller:profileinstaller:1.3.0] AndroidManifest.xml:31:17-49
241        </provider>
242
243        <receiver
243-->[com.google.android.gms:play-services-measurement:21.5.1] AndroidManifest.xml:29:9-33:20
244            android:name="com.google.android.gms.measurement.AppMeasurementReceiver"
244-->[com.google.android.gms:play-services-measurement:21.5.1] AndroidManifest.xml:30:13-85
245            android:enabled="true"
245-->[com.google.android.gms:play-services-measurement:21.5.1] AndroidManifest.xml:31:13-35
246            android:exported="false" >
246-->[com.google.android.gms:play-services-measurement:21.5.1] AndroidManifest.xml:32:13-37
247        </receiver>
248
249        <service
249-->[com.google.android.gms:play-services-measurement:21.5.1] AndroidManifest.xml:35:9-38:40
250            android:name="com.google.android.gms.measurement.AppMeasurementService"
250-->[com.google.android.gms:play-services-measurement:21.5.1] AndroidManifest.xml:36:13-84
251            android:enabled="true"
251-->[com.google.android.gms:play-services-measurement:21.5.1] AndroidManifest.xml:37:13-35
252            android:exported="false" />
252-->[com.google.android.gms:play-services-measurement:21.5.1] AndroidManifest.xml:38:13-37
253        <service
253-->[com.google.android.gms:play-services-measurement:21.5.1] AndroidManifest.xml:39:9-43:72
254            android:name="com.google.android.gms.measurement.AppMeasurementJobService"
254-->[com.google.android.gms:play-services-measurement:21.5.1] AndroidManifest.xml:40:13-87
255            android:enabled="true"
255-->[com.google.android.gms:play-services-measurement:21.5.1] AndroidManifest.xml:41:13-35
256            android:exported="false"
256-->[com.google.android.gms:play-services-measurement:21.5.1] AndroidManifest.xml:42:13-37
257            android:permission="android.permission.BIND_JOB_SERVICE" />
257-->[com.google.android.gms:play-services-measurement:21.5.1] AndroidManifest.xml:43:13-69
258
259        <uses-library
259-->[androidx.privacysandbox.ads:ads-adservices:1.0.0-beta05] AndroidManifest.xml:23:9-25:40
260            android:name="android.ext.adservices"
260-->[androidx.privacysandbox.ads:ads-adservices:1.0.0-beta05] AndroidManifest.xml:24:13-50
261            android:required="false" />
261-->[androidx.privacysandbox.ads:ads-adservices:1.0.0-beta05] AndroidManifest.xml:25:13-37
262
263        <property
263-->[com.google.android.gms:play-services-measurement-api:21.5.1] AndroidManifest.xml:30:9-32:61
264            android:name="android.adservices.AD_SERVICES_CONFIG"
264-->[com.google.android.gms:play-services-measurement-api:21.5.1] AndroidManifest.xml:31:13-65
265            android:resource="@xml/ga_ad_services_config" />
265-->[com.google.android.gms:play-services-measurement-api:21.5.1] AndroidManifest.xml:32:13-58
266
267        <provider
267-->[com.google.firebase:firebase-common:20.4.2] AndroidManifest.xml:23:9-28:39
268            android:name="com.google.firebase.provider.FirebaseInitProvider"
268-->[com.google.firebase:firebase-common:20.4.2] AndroidManifest.xml:24:13-77
269            android:authorities="com.smartattendance.app.firebaseinitprovider"
269-->[com.google.firebase:firebase-common:20.4.2] AndroidManifest.xml:25:13-72
270            android:directBootAware="true"
270-->[com.google.firebase:firebase-common:20.4.2] AndroidManifest.xml:26:13-43
271            android:exported="false"
271-->[com.google.firebase:firebase-common:20.4.2] AndroidManifest.xml:27:13-37
272            android:initOrder="100" />
272-->[com.google.firebase:firebase-common:20.4.2] AndroidManifest.xml:28:13-36
273
274        <meta-data
274-->[com.google.android.gms:play-services-basement:18.1.0] AndroidManifest.xml:21:9-23:69
275            android:name="com.google.android.gms.version"